2021-12-28 16:22:20,835 INFO: ['.', '.', '.', '.', '.', '.', '.', '.', '.', '.']
2021-12-28 16:22:20,835 INFO: ['.', '.', '.', '.', '.', '.', '.', '.', '.', '.']
2021-12-28 16:22:20,835 INFO: ['.', '.', '.', '.', '.', '.', '.', '.', '.', '.']
2021-12-28 16:22:20,835 INFO: ['.', '.', '.', '.', '.', '.', '.', '.', '.', '.']
2021-12-28 16:22:20,835 INFO: ['.', '.', '.', '.', '.', '.', '.', '.', '.', '.']
2021-12-28 16:22:20,835 INFO: ['.', '.', '.', '.', '.', '.', '.', '.', '.', '.']
2021-12-28 16:22:20,835 INFO: ['.', '.', '.', '.', '.', '.', '.', '.', '.', '.']
2021-12-28 16:22:20,835 INFO: ['.', '.', '.', '.', '.', '.', '.', '.', '.', '.']
2021-12-28 16:22:20,835 INFO: ['.', '.', '.', '.', '.', '.', '.', '.', '.', '.']
2021-12-28 16:22:20,835 INFO: ['.', '.', '.', '.', '.', '.', '.', '.', '.', '.']
2021-12-28 16:22:21,340 INFO: ---------------------------
2021-12-28 16:22:21,340 INFO: ['Q', '.', '.', '.', '.', '.', '.', '.', '.', '.']
2021-12-28 16:22:21,340 INFO: ['.', '.', 'Q', '.', '.', '.', '.', '.', '.', '.']
2021-12-28 16:22:21,340 INFO: ['.', '.', '.', '.', '.', 'Q', '.', '.', '.', '.']
2021-12-28 16:22:21,340 INFO: ['.', '.', '.', '.', '.', '.', '.', 'Q', '.', '.']
2021-12-28 16:22:21,340 INFO: ['.', '.', '.', '.', '.', '.', '.', '.', '.', 'Q']
2021-12-28 16:22:21,340 INFO: ['.', '.', '.', '.', 'Q', '.', '.', '.', '.', '.']
2021-12-28 16:22:21,340 INFO: ['.', '.', '.', '.', '.', '.', '.', '.', 'Q', '.']
2021-12-28 16:22:21,341 INFO: ['.', 'Q', '.', '.', '.', '.', '.', '.', '.', '.']
2021-12-28 16:22:21,341 INFO: ['.', '.', '.', 'Q', '.', '.', '.', '.', '.', '.']
2021-12-28 16:22:21,341 INFO: ['.', '.', '.', '.', '.', '.', 'Q', '.', '.', '.']
2021-12-28 16:22:21,341 INFO: elapse time: 0.5050332546234131
2021-12-28 16:22:21,341 INFO: count: 724
